IntBool

[main::__CPAchecker_TMP_0, main::__retval__, elem_exists::__retval__]

IntEq

[]

IntAdd

[insert::size, main::n, elem_exists::i, elem_exists::size, insert::__retval__, main::y, main::x, main::v]

IntOverflow

[insert::value, insert::size, main::n, elem_exists::i, insert::__retval__, elem_exists::size, main::y, insert::set[size], main::x, main::v, __VERIFIER_assert::cond, elem_exists::value]

ALL

[insert::value, insert::size, elem_exists::size, insert::__retval__, insert::set[size], main::y, elem_exists::set, main::__retval__, main::set, main::n, elem_exists::i, main::__CPAchecker_TMP_0, main::x, elem_exists::__retval__, main::v, __VERIFIER_assert::cond, elem_exists::value, main::values, insert::set]

DEPENDENCIES

[[__VERIFIER_assert::cond] --> [0],
[elem_exists::__retval__, main::__CPAchecker_TMP_0] --> [0],
[elem_exists::i, elem_exists::size, insert::__retval__, insert::size, main::n, main::x, main::y] --> [0, 1],
[elem_exists::value] --> [],
[insert::set[size], insert::value] --> [],
[elem_exists::set, insert::set, main::set] --> [],
[main::values] --> [],
[main::v] --> [0, 1, 100000],
[main::__retval__] --> [0]]

RELEVANT VARS

[insert::size, elem_exists::size, insert::__retval__, main::y, elem_exists::set, main::set, main::n, elem_exists::i, main::__CPAchecker_TMP_0, main::x, main::v, elem_exists::__retval__, __VERIFIER_assert::cond, elem_exists::value, main::values]

RELEVANT FIELDS

{}
